<?xml version="1.0" encoding="UTF-8"?>
<!-- Generated by org.testng.reporters.JUnitXMLReporter -->
<testsuite ignored="0" hostname="dellinspiron" failures="0" tests="5" name="Default test" time="18.248" errors="0" timestamp="2023-06-15T20:46:09 IST">
  <testcase classname="TestingsiteusingNG.testinhNG" name="tc01" time="16.633"/>
  <testcase classname="TestingsiteusingNG.testinhNG" name="tc02" time="0.485"/>
  <testcase classname="TestingsiteusingNG.testinhNG" name="tc03" time="0.297"/>
  <testcase classname="TestingsiteusingNG.testinhNG" name="tc05" time="0.486"/>
  <testcase classname="TestingsiteusingNG.testinhNG" name="tc04" time="0.203"/>
</testsuite> <!-- Default test -->
